[2026-04-28 19:24:02] === Деплой: glukhova-dasha ===
[2026-04-28 19:24:02] 1. Git pull...
** WARNING: connection is not using a post-quantum key exchange algorithm.
** This session may be vulnerable to "store now, decrypt later" attacks.
** The server may need to be upgraded. See https://openssh.com/pq.html
[2026-05-01 10:49:32] === Деплой КАРТИНОК на S3 ===
[2026-05-01 10:49:32] 1. Загрузка originals...
Transferred:   	          0 B / 0 B, -, 0 B/s, ETA -
Checks:                 0 / 677, 0%, Listed 1356
Elapsed time:         0.4s
Checking:
 *     0011f516-020e-485a-ae34-e02b8ce43051.webp: checking
 *     006d3989-f03e-427c-ae56-9775c2043dc6.webp: checking
 *     00849753-d708-4f83-bed5-bb3e79a806c4.webp: checking
 *     01f4a0c0-e574-48ef-a72f-5be97011597d.webp: checking
 *     033a8ba4-fcce-47a9-93d6-c40ec060fa6b.webp: checking
 *     03a47f0f-f44b-4e78-a1d7-3deedba0a6dd.webp: checking
 *     049ca795-a8cb-45e1-91b4-223b18825113.webp: checking
 *     05043354-1437-4c81-99d3-8d87a7e1e461.webp: checkingTransferred:   	          0 B / 0 B, -, 0 B/s, ETA -
Checks:                16 / 677, 2%, Listed 2033
Elapsed time:         1.0s
Checking:
 *     0a2733ef-2f60-4f2f-89a4-7523d88c2349.webp: checking
 *     0aa23a02-9ad0-4c57-a9a7-732e456a47bf.webp: checking
 *     0b002af7-6aaf-4bfc-ab58-6f168e916c20.webp: checking
 *     0b5048bf-0a3e-49e9-b0f7-296607cdd50a.webp: checking
 *     0d73494d-93dd-4989-9f09-6990fe278934.webp: checking
 *     0d79626a-4fd2-40b2-a389-adf393f831be.webp: checking
 *     0db83ad3-09a0-4faf-9f11-1eb8e9ad3800.webp: checking
 *     0dfe2e9a-7383-4be2-b401-be66e6b7fdc3.webp: checkingTransferred:   	          0 B / 0 B, -, 0 B/s, ETA -
Checks:                32 / 677, 5%, Listed 2033
Elapsed time:         1.4s
Checking:
 *     102194d7-778c-4bd4-a747-d6955d2c7abe.webp: checking
 *     102ed938-592d-4c31-9bb7-c4923dbb8136.webp: checking
 *     1032f3a3-d37d-43bb-8b5b-791dbd654b3f.webp: checking
 *     10ab5fac-609e-4173-adb8-4dcc1cb88297.webp: checking
 *     10dbd2bb-efe2-4eca-8660-ad613a4196ee.webp: checking
 *     11a42b8b-2daa-4e10-9d9b-7ef3ee758cb1.webp: checking
 *     11b069e7-3534-4054-b701-c151564cff63.webp: checking
 *     11e66513-fb8c-4f19-bd19-989f98050ac8.webp: checkingTransferred:   	          0 B / 0 B, -, 0 B/s, ETA -
Checks:                48 / 677, 7%, Listed 2033
Elapsed time:         2.0s
Checking:
 *     17b88ee7-ea94-43a0-ab34-3773d49d4316.webp: checking
 *     1809f5f5-d89e-4c5e-825d-998bf3dde4f6.webp: checking
 *     184d7016-1092-42d6-97a3-60ba99dea08b.webp: checking
 *     186cfde9-08dc-47bf-bf45-cd4b50777d12.webp: checking
 *     18b83db5-eccf-4c2c-8e80-41b83a121b3f.webp: checking
 *     18c22b5a-a84a-4fe8-9c92-f6e9a2429828.webp: checking
 *     18ee8040-a50f-44f6-9915-3493b8c9eadf.webp: checking
 *     18fae742-7b4e-4c0d-b8da-746969474579.webp: checkingTransferred:   	          0 B / 0 B, -, 0 B/s, ETA -
Checks:                63 / 677, 9%, Listed 2033
Elapsed time:         2.5s
Checking:
 * Image-c9f191e0-586b-40…9f33-b430b2527277.webp: checking
 * Image-e9d62a68-246a-43…9423-4f9a9ad7d62c.webp: checking
 * Image-eca0a0f7-189a-42…ba11-b300d0c30b91.webp: checking
 * image-117b7ff9-7ef9-4b…8045-b311ae11a08d.webp: checking
 * image-16f57df2-5699-48…a2b8-7fa6a1685b0e.webp: checking
 * image-1733ccf1-2104-49…a635-3ac45063fb2b.webp: checking
 * image-1de6f566-f23b-41…8d44-229ed8223adf.webp: checking
 * image-20c14309-0065-4c…b2bf-0f333e7edbb0.webp: checkingTransferred:   	          0 B / 0 B, -, 0 B/s, ETA -
Checks:                79 / 677, 12%, Listed 2033
Elapsed time:         3.0s
Checking:
 * image-4fd66924-c513-4b…946f-79d1f914b050.webp: checking
 * image-5425309f-a6d1-4b…8377-d12f5bac2269.webp: checking
 * image-569e371c-9d41-4a…b8fe-b5c7940ca710.webp: checking
 * image-6005b820-346e-4a…9d7f-4f9e47b5621d.webp: checking
 * image-601b968c-1274-4d…8162-157cedccd631.webp: checking
 * image-610452e8-d514-47…9d62-5ba8d6ab6ef4.webp: checking
 * image-683650f9-4344-46…9b2d-b5ee6d719bfc.webp: checking
 * image-69a0cb46-c64b-42…bb89-9c7d2e9b208c.webp: checkingTransferred:   	          0 B / 0 B, -, 0 B/s, ETA -
Checks:                95 / 677, 14%, Listed 2033
Elapsed time:         3.4s
Checking:
 * image-b694d535-ebec-4c…89f4-fceac5ce511f.webp: checking
 * image-bee6a12b-ad74-4d…82c6-0e4fbe992f31.webp: checking
 * image-d3281f95-3379-47…a866-497a2191cf7e.webp: checking
 * image-d5d8d4cb-cba2-4f…a215-a5279a151e62.webp: checking
 * image-de0e2f3d-e056-4f…8adc-93c8a4d3b461.webp: checking
 * image-deea62a5-2418-4d…83e6-2f4b105bda95.webp: checking
 * image-e75adaa0-86c0-4c…adc8-a29071224e14.webp: checking
 * image-e9122473-42eb-47…8af5-3662f14731c2.webp: checkingTransferred:   	          0 B / 0 B, -, 0 B/s, ETA -
Checks:               111 / 677, 16%, Listed 2033
Elapsed time:         3.9s
Checking:
 * upload-00849753-d708-4…bed5-bb3e79a806c4.webp: checking
 * upload-01f4a0c0-e574-4…a72f-5be97011597d.webp: checking
 * upload-033a8ba4-fcce-4…93d6-c40ec060fa6b.webp: checking
 * upload-03a47f0f-f44b-4…a1d7-3deedba0a6dd.webp: checking
 * upload-049ca795-a8cb-4…91b4-223b18825113.webp: checking
 * upload-05043354-1437-4…99d3-8d87a7e1e461.webp: checking
 * upload-059e5ed2-f396-4…bf9c-5c8ecb1638d0.webp: checking
 * upload-070a43e9-a213-4…8439-f1904cbea82e.webp: checkingTransferred:   	          0 B / 0 B, -, 0 B/s, ETA -
Checks:               127 / 677, 19%, Listed 2033
Elapsed time:         4.5s
Checking:
 * upload-0b002af7-6aaf-4…ab58-6f168e916c20.webp: checking
 * upload-0b5048bf-0a3e-4…b0f7-296607cdd50a.webp: checking
 * upload-0bd33b7b-7f5b-4…b9fe-79b5e849de75.webp: checking
 * upload-0c5e1bb6-3f6e-4…8499-302ab3d0c7c6.webp: checking
 * upload-0ca539fa-21f6-4…b638-99adf0bbfeb7.webp: checking
 * upload-0ced883e-43bf-4…a1e8-4067b10ed77c.webp: checking
 * upload-0d73494d-93dd-4…9f09-6990fe278934.webp: checking
 * upload-0d79626a-4fd2-4…a389-adf393f831be.webp: checkingTransferred:   	          0 B / 0 B, -, 0 B/s, ETA -
Checks:               143 / 677, 21%, Listed 2033
Elapsed time:         5.0s
Checking:
 * upload-100a039d-8768-4…8192-4df2c6467417.webp: checking
 * upload-10155cb4-88cc-4…8af8-4688466502c5.webp: checking
 * upload-102194d7-778c-4…a747-d6955d2c7abe.webp: checking
 * upload-102ed938-592d-4…9bb7-c4923dbb8136.webp: checking
 * upload-1032f3a3-d37d-4…8b5b-791dbd654b3f.webp: checking
 * upload-10ab5fac-609e-4…adb8-4dcc1cb88297.webp: checking
 * upload-10dbd2bb-efe2-4…8660-ad613a4196ee.webp: checking
 * upload-11a42b8b-2daa-4…9d9b-7ef3ee758cb1.webp: checkingTransferred:   	          0 B / 0 B, -, 0 B/s, ETA -
Checks:               159 / 677, 23%, Listed 2033
Elapsed time:         5.5s
Checking:
 * upload-16e72d51-4ff7-4…8056-e5538cd100ab.webp: checking
 * upload-179d73ef-3377-4…a66c-caef73b78fa2.webp: checking
 * upload-17b88ee7-ea94-4…ab34-3773d49d4316.webp: checking
 * upload-1809f5f5-d89e-4…825d-998bf3dde4f6.webp: checking
 * upload-184d7016-1092-4…97a3-60ba99dea08b.webp: checking
 * upload-186cfde9-08dc-4…bf45-cd4b50777d12.webp: checking
 * upload-18b83db5-eccf-4…8e80-41b83a121b3f.webp: checking
 * upload-18c22b5a-a84a-4…9c92-f6e9a2429828.webp: checkingTransferred:   	          0 B / 0 B, -, 0 B/s, ETA -
Checks:               175 / 677, 26%, Listed 2033
Elapsed time:         6.0s
Checking:
 * upload-19ee28f0-0c95-4…8216-1bf3d39d652d.webp: checking
 * upload-1a1b2446-1744-4…b073-6204258ab02f.webp: checking
 * upload-1a95436f-eac8-4…9d2c-ad50ed98123c.webp: checking
 * upload-1b2d395a-5d20-4…8e78-76deed81d6b6.webp: checking
 * upload-1b4f0253-7754-4…bd97-641648f0ff2d.webp: checking
 * upload-1bdfeaa0-5537-4…b7fe-42e16e25f242.webp: checking
 * upload-1bff8b07-d34b-4…b2b7-7ba20f9d5e34.webp: checking
 * upload-1c3b44ad-00e7-4…a474-14d2afd5c5cc.webp: checkingTransferred:   	          0 B / 0 B, -, 0 B/s, ETA -
Checks:               191 / 677, 28%, Listed 2033
Elapsed time:         6.5s
Checking:
 * upload-1f594ac2-6336-4…9882-07b15f2badad.webp: checking
 * upload-1f70b9d4-809b-4…bff5-db4474bc1a9f.webp: checking
 * upload-201ad414-e586-4…a45a-b6ece18f9680.webp: checking
 * upload-203dd370-2567-4…9e35-2981ce099bc9.webp: checking
 * upload-20605640-0b18-4…a5fd-c69b87bdbc63.webp: checking
 * upload-20623946-fdc5-4…85b0-e043dcc97441.webp: checking
 * upload-209df6c6-3c44-4…a9c3-f0347ab74d18.webp: checking
 * upload-20a89c90-1940-4…a741-b7e0ee4493b6.webp: checkingTransferred:   	          0 B / 0 B, -, 0 B/s, ETA -
Checks:               207 / 677, 31%, Listed 2033
Elapsed time:         6.9s
Checking:
 * upload-2382c76d-28ab-4…ba55-9874e3a3a9ee.webp: checking
 * upload-23945b48-44de-4…bc88-868a7cec7733.webp: checking
 * upload-244081b1-5b21-4…826c-99a1fe793278.webp: checking
 * upload-246f1da1-d3ac-4…ad9e-38ad119ac80e.webp: checking
 * upload-24820eea-4f1a-4…a03d-0303ecf67abe.webp: checking
 * upload-24c89519-f66b-4…9c2f-cf6ac433f4e1.webp: checking
 * upload-24d50695-57a4-4…8fc2-5f8012571aba.webp: checking
 * upload-24d77f64-75d8-4…9c9d-563b4bf5e9b0.webp: checkingTransferred:   	          0 B / 0 B, -, 0 B/s, ETA -
Checks:               223 / 677, 33%, Listed 2033
Elapsed time:         7.5s
Checking:
 * upload-27810be4-9dcc-4…bd73-66a2f82abbd2.webp: checking
 * upload-28b30fe7-9e0b-4…b991-df947d5ad161.webp: checking
 * upload-28d4478f-76e7-4…bc48-5bd2bd3db283.webp: checking
 * upload-28daccc8-f510-4…827b-c37b1603f0c4.webp: checking
 * upload-28ee7581-f672-4…bfe1-29798afd4506.webp: checking
 * upload-29088c6f-fbcc-4…bc0b-84b414b12755.webp: checking
 * upload-2971e559-9462-4…94ee-26f081212ec7.webp: checking
 * upload-2a59df1f-a7ab-4…a79c-9b962294d04b.webp: checkingTransferred:   	          0 B / 0 B, -, 0 B/s, ETA -
Checks:               239 / 677, 35%, Listed 2033
Elapsed time:         7.9s
Checking:
 * upload-2c690d2b-c51a-4…a9a4-57e99b684732.webp: checking
 * upload-2c82b6ce-12fd-4…9374-f32bf6d29550.webp: checking
 * upload-2c840ea9-770e-4…8e74-5e087aef8889.webp: checking
 * upload-2cf42343-52b8-4…8fdc-1467ffb1514c.webp: checking
 * upload-2d99a386-8dfb-4…984e-dea3365642f2.webp: checking
 * upload-2dc6c972-e96d-4…8567-b3562215c1e1.webp: checking
 * upload-2dca6755-b49a-4…9413-16f3b501b8ec.webp: checking
 * upload-2e03abcc-f462-4…8dad-5501b3461938.webp: checkingTransferred:   	          0 B / 0 B, -, 0 B/s, ETA -
Checks:               255 / 677, 38%, Listed 2033
Elapsed time:         8.5s
Checking:
 * upload-31faba01-d712-4…a57e-f2aaa610a84b.webp: checking
 * upload-32be9e8d-d72a-4…b43c-624387c847ab.webp: checking
 * upload-32df1271-5ee0-4…97ea-2c3084f63725.webp: checking
 * upload-32f3b4a7-a2fd-4…a919-9ca8247090fb.webp: checking
 * upload-33080145-1508-4…aade-8d85a3a56437.webp: checking
 * upload-330c62e7-6a27-4…83fe-deadbbd16349.webp: checking
 * upload-339b116e-37ed-4…a6a1-c43f6ed9069a.webp: checking
 * upload-3470be8a-7431-4…bb90-6a7d67648277.webp: checkingTransferred:   	          0 B / 0 B, -, 0 B/s, ETA -
Checks:               271 / 677, 40%, Listed 2033
Elapsed time:         9.0s
Checking:
 * upload-3658b6c7-94bb-4…9a9f-38ef9360648e.webp: checking
 * upload-36713cbd-7dd2-4…ba89-197185d56bc1.webp: checking
 * upload-367b0dc3-3c8a-4…bad0-0643c63d5cb1.webp: checking
 * upload-36911fa8-4e81-4…b0e5-1a336a5b9368.webp: checking
 * upload-36b68989-4135-4…bc5d-96bf2d34aff1.webp: checking
 * upload-36c78444-bfe1-4…b71a-8058a580e4e2.webp: checking
 * upload-371b12b6-402a-4…8c2f-a10b2a1e4c4d.webp: checking
 * upload-3737777e-e669-4…868f-c470d75abdc3.webp: checkingTransferred:   	          0 B / 0 B, -, 0 B/s, ETA -
Checks:               287 / 677, 42%, Listed 2033
Elapsed time:         9.4s
Checking:
 * upload-39e4de2b-0f9c-4…914d-fcbb77ac032c.webp: checking
 * upload-39e557f2-051d-4…9a55-5fd6892c3ddd.webp: checking
 * upload-39f33bc1-00b6-4…99af-97517c7d68bb.webp: checking
 * upload-39fa82c4-b042-4…a8a0-a7cb5a0b0bbd.webp: checking
 * upload-3a2f23f3-97a9-4…8b78-81d4f8daa163.webp: checking
 * upload-3a3ee4da-8728-4…9b84-71b21d7d821d.webp: checking
 * upload-3ac4d48a-3b70-4…8df4-e8c8c7c74a67.webp: checking
 * upload-3c493172-fd1a-4…af20-7eb3f5abb2ea.webp: checkingTransferred:   	          0 B / 0 B, -, 0 B/s, ETA -
Checks:               303 / 677, 45%, Listed 2033
Elapsed time:         9.9s
Checking:
 * upload-3ddfe330-09c8-4…aa8d-34bdc4c34a71.webp: checking
 * upload-3dfb8ada-b9fe-4…a676-1bcf971b83fe.webp: checking
 * upload-3e08609f-76fc-4…a0d8-cbcdb3a877e2.webp: checking
 * upload-3edda6f8-2e45-4…a034-bf4fea3f188e.webp: checking
 * upload-3f03bdb4-1ea7-4…b9c5-9ecf41877669.webp: checking
 * upload-3f26817c-25af-4…b2cd-3ac32b2bba76.webp: checking
 * upload-3f40dfa2-33b4-4…bb0b-b4cfae632545.webp: checking
 * upload-3fa7e08d-872a-4…b5dd-a97ed2436458.webp: checkingTransferred:   	          0 B / 0 B, -, 0 B/s, ETA -
Checks:               319 / 677, 47%, Listed 2033
Elapsed time:        10.5s
Checking:
 * upload-42c3d0bc-1bcc-4…b7be-5095dbbf7ea9.webp: checking
 * upload-43c28357-2c0a-4…9787-06eb0006338c.webp: checking
 * upload-442dfd95-420a-4…b0e2-a85fbbbc8827.webp: checking
 * upload-44b06bf5-f647-4…89d7-81cb13918e15.webp: checking
 * upload-45f60400-df84-4…a512-d99a65ca766f.webp: checking
 * upload-46647064-5cf4-4…99aa-70c17c17326e.webp: checking
 * upload-46ad2d24-f581-4…b124-6fe51fcd2e50.webp: checking
 * upload-46ad5b1e-ebc3-4…9289-7e2fa4d4e300.webp: checkingTransferred:   	          0 B / 0 B, -, 0 B/s, ETA -
Checks:               335 / 677, 49%, Listed 2033
Elapsed time:        11.0s
Checking:
 * upload-496f5a91-7778-4…b164-0868f568c406.webp: checking
 * upload-49954995-752e-4…9e7f-b1d634138f28.webp: checking
 * upload-4af5a346-debb-4…8ab9-84af7f6e0804.webp: checking
 * upload-4b5ab99e-c3c9-4…b8a3-550ec15b24bd.webp: checking
 * upload-4b6d61ae-6a9d-4…a1f3-8fb891754d8a.webp: checking
 * upload-4cadeb80-b03c-4…b3b6-a99b0c554f5a.webp: checking
 * upload-4cb104db-48ef-4…b797-d3cff1b2b085.webp: checking
 * upload-4cd1c7df-230e-4…9856-c7483f02c885.webp: checkingTransferred:   	          0 B / 0 B, -, 0 B/s, ETA -
Checks:               351 / 677, 52%, Listed 2033
Elapsed time:        11.4s
Checking:
 * upload-4fb244e8-8d91-4…8fce-02557b255c57.webp: checking
 * upload-4fce9c78-2396-4…a646-8b89e28fcf23.webp: checking
 * upload-506bf1c1-8b7e-4…8a16-600ed3eb7568.webp: checking
 * upload-50f9c1f5-d110-4…92e8-26ffa9fca466.webp: checking
 * upload-51c19145-ef42-4…8af0-dce159e9bd90.webp: checking
 * upload-51ee98cd-78e9-4…b8f2-a3ab5ca2d0aa.webp: checking
 * upload-526d1910-0f06-4…9a9e-32cc1f319860.webp: checking
 * upload-52bca424-bd69-4…8d09-cec79f3b0b88.webp: checkingTransferred:   	          0 B / 0 B, -, 0 B/s, ETA -
Checks:               367 / 677, 54%, Listed 2033
Elapsed time:        11.9s
Checking:
 * upload-54c8d366-fcaa-4…beb8-aa9d7634b447.webp: checking
 * upload-551624ea-43f7-4…9855-e1c2a9c72cbf.webp: checking
 * upload-5518bbde-9fd3-4…8771-1f01860cedda.webp: checking
 * upload-552d5592-35c2-4…81a1-de0d9d2d95ff.webp: checking
 * upload-5616a55b-c6f4-4…9f48-83cc845eb2c5.webp: checking
 * upload-562fd5f9-db4e-4…b840-314e51ddbe01.webp: checking
 * upload-56b7720a-e0f1-4…bb56-e1301a4906fb.webp: checking
 * upload-56e28856-ddcf-4…a9f1-509502455cb1.webp: checkingTransferred:   	          0 B / 0 B, -, 0 B/s, ETA -
Checks:               383 / 677, 57%, Listed 2033
Elapsed time:        12.4s
Checking:
 * upload-5936a848-cfc8-4…ab81-6bf4bdcce2c4.webp: checking
 * upload-59844ac0-3de9-4…8c7b-b8ca7cd14e7a.webp: checking
 * upload-59869866-5079-4…ae56-961b790f7c07.webp: checking
 * upload-5a385bd7-78bc-4…9e14-8e4e0a3a264b.webp: checking
 * upload-5ae9d78c-c7f3-4…84fe-18243cbfa410.webp: checking
 * upload-5bb8d496-f800-4…9223-ab0190b82302.webp: checking
 * upload-5c28f16a-05ed-4…a1d1-26ef5c41e4ef.webp: checking
 * upload-5c700aea-5b07-4…a69f-cdc680b280c1.webp: checkingTransferred:   	          0 B / 0 B, -, 0 B/s, ETA -
Checks:               399 / 677, 59%, Listed 2033
Elapsed time:        12.9s
Checking:
 * upload-606cf88c-2265-4…adda-e4ff440b1562.webp: checking
 * upload-6140088c-c64a-4…b343-a90c2cef04a3.webp: checking
 * upload-616f60f7-053b-4…96ae-63d3d94a9a80.webp: checking
 * upload-61f43648-3d05-4…b8e5-6eff7d0d6053.webp: checking
 * upload-622a9177-aff9-4…a3a9-bf2b828f78ac.webp: checking
 * upload-6230226b-8d3d-4…8a6e-86d3410d7503.webp: checking
 * upload-628e50a0-cd34-4…8937-e9dcec50e72c.webp: checking
 * upload-633a37bd-e16e-4…ac67-6b2cf89e307b.webp: checkingTransferred:   	          0 B / 0 B, -, 0 B/s, ETA -
Checks:               413 / 677, 61%, Listed 2033
Elapsed time:        13.5s
Checking:
 * upload-65d88bee-7704-4…9a4b-4ed23d3690d1.webp: checking
 * upload-65e28d26-2ac5-4…830e-8a075d37a52d.webp: checking
 * upload-66426dc9-2600-4…bca6-965d15334ee4.webp: checking
 * upload-667f27c6-dd86-4…85ba-09cf664da98b.webp: checking
 * upload-66a23762-22df-4…9af1-5211c90d3fca.webp: checking
 * upload-66e74d1e-f4ac-4…9964-7d0adc41af24.webp: checking
 * upload-672334ae-4a68-4…9bc0-8c2665b2f087.webp: checking
 * upload-6759aaf2-833c-4…a817-bbd0504b3464.webp: checkingTransferred:   	          0 B / 0 B, -, 0 B/s, ETA -
Checks:               431 / 677, 64%, Listed 2033
Elapsed time:        14.0s
Checking:
 * upload-6bbe4582-ffd5-4…a850-17e0284b9758.webp: checking
 * upload-6d95c602-5c91-4…b570-2da1940f3c60.webp: checking
 * upload-6f8eaefc-0a1b-4…b95d-1ea2d3b4fda4.webp: checking
 * upload-6f997105-028e-4…9576-2f4a4c8838c4.webp: checking
 * upload-6ff00d67-445f-4…a87e-350d76c6afad.webp: checking
 * upload-701c4513-1f49-4…b309-249fd1d47d91.webp: checkingTransferred:   	          0 B / 0 B, -, 0 B/s, ETA -
Checks:               440 / 677, 65%, Listed 2033
Elapsed time:        14.5s
Checking:
 * upload-744c5501-515f-4…85fb-3ab09087d402.webp: checking
 * upload-744df7b5-7f5d-4…8ccc-0ca180940873.webp: checking
 * upload-75993101-b097-4…b4cc-9f88732e34cc.webp: checking
 * upload-762b3819-0c23-4…ad20-41e174407a7a.webp: checking
 * upload-771443fa-d7ab-4…9b92-b077ff04c385.webp: checking
 * upload-7736d753-cfe5-4…80af-202ef38c95af.webp: checking
 * upload-77c5dd26-6290-4…9f69-15c3dd3c3a07.webp: checking
 * upload-77f292ae-c2cd-4…bf1b-d0c27420f52f.webp: checkingTransferred:   	          0 B / 0 B, -, 0 B/s, ETA -
Checks:               456 / 677, 67%, Listed 2033
Elapsed time:        15.0s
Checking:
 * upload-7cbf7fd5-1072-4…94ba-1a4451400724.webp: checking
 * upload-7d4ec516-b8f5-4…981b-df8330898689.webp: checking
 * upload-7ef907e8-91bb-4…8904-a975c9345d98.webp: checking
 * upload-7f0c3444-b4d7-4…abde-a07df92950b8.webp: checking
 * upload-80b508d0-7306-4…b302-6bec06fac678.webp: checking
 * upload-81531e73-eb13-4…be58-acb021faf3af.webp: checking
 * upload-81ee7bc1-81d1-4…b785-8ef745820524.webp: checking
 * upload-820a763d-24d2-4…aff7-c41cf9cce901.webp: checkingTransferred:   	          0 B / 0 B, -, 0 B/s, ETA -
Checks:               472 / 677, 70%, Listed 2033
Elapsed time:        15.4s
Checking:
 * upload-8621afbd-edf0-4…bda1-dcb4e46c4e89.webp: checking
 * upload-863ba18e-7747-4…9ab4-9e2cd630fac6.webp: checking
 * upload-86ce3472-818c-4…a764-f6d9710e8f58.webp: checking
 * upload-88286353-c33c-4…94d3-2a1d51b9cf85.webp: checking
 * upload-8a00cd83-d800-4…9c6a-43a93a6b2e15.webp: checking
 * upload-8a1b09c8-cd8c-4…a2ba-c125af39313b.webp: checking
 * upload-8a4d3673-4db0-4…8257-1a03c5a3d5e4.webp: checking
 * upload-8acfd4f1-713a-4…b33c-642680a64826.webp: checkingTransferred:   	          0 B / 0 B, -, 0 B/s, ETA -
Checks:               488 / 677, 72%, Listed 2033
Elapsed time:        15.9s
Checking:
 * upload-8efeb974-0f1c-4…8ab7-83ed5525b3ea.webp: checking
 * upload-8f3f41e4-d62d-4…925c-fe84defe9a76.webp: checking
 * upload-8ff3fbe7-5630-4…b410-e4c6bf5dcab4.webp: checking
 * upload-900136f4-4821-4…b2bb-9493df11c8a2.webp: checking
 * upload-9161920d-c026-4…8887-c84fa5c4c2db.webp: checking
 * upload-91aa4c68-b0f9-4…a5ce-4b26a3a03d64.webp: checking
 * upload-91df75d2-b707-4…8c5f-6d7a83792e92.webp: checking
 * upload-91e9c992-897d-4…adaa-521bb69a0aaf.webp: checkingTransferred:   	          0 B / 0 B, -, 0 B/s, ETA -
Checks:               505 / 677, 75%, Listed 2033
Elapsed time:        16.4s
Checking:
 * upload-978ffb94-005b-4…a484-f9a1aefcd6d0.webp: checking
 * upload-9809eeb3-dc75-4…9eea-b0fe10475a38.webp: checking
 * upload-985f6112-4978-4…94e3-de6c9ce81360.webp: checking
 * upload-990c171f-7fb5-4…9895-2551ae894864.webp: checking
 * upload-99a73288-6a3a-4…aa83-508b7dc6b5c7.webp: checking
 * upload-99d16b8c-d656-4…8d00-202cb1e29195.webp: checking
 * upload-99fdfe4b-1bee-4…92f1-16e15b9cbe64.webp: checking
 * upload-9a136943-158d-4…8c2b-0021a6e5defd.webp: checkingTransferred:   	          0 B / 0 B, -, 0 B/s, ETA -
Checks:               523 / 677, 77%, Listed 2033
Elapsed time:        17.0s
Checking:
 * upload-a0055393-aac3-4…a201-19ed58787363.webp: checking
 * upload-a09aa9fb-97d3-4…a533-dc3981efd868.webp: checking
 * upload-a3c82ff7-a1b2-4…aa90-91c658e88821.webp: checking
 * upload-a3f36ffd-9608-4…b8e1-c4a5568ba61a.webp: checking
 * upload-a3f5ee45-ff38-4…8324-02c1c5fb2bcc.webp: checking
 * upload-a4e9c904-318f-4…b3e5-ad8db61c513d.webp: checking
 * upload-a63ebc0c-7d32-4…91a7-9587f1c610c0.webp: checking
 * upload-a6c2136f-1eb2-4…b856-a0d3baebb084.webp: checkingTransferred:   	          0 B / 0 B, -, 0 B/s, ETA -
Checks:               540 / 677, 80%, Listed 2033
Elapsed time:        17.4s
Checking:
 * upload-aeb9a09e-aeed-4…9751-58db5520ad8f.webp: checking
 * upload-afe64601-7817-4…90ee-6ede0f70c732.webp: checking
 * upload-aff563e9-a126-4…8ff9-a31b156741d8.webp: checking
 * upload-b15cbfdc-53ce-4…84cc-84787e15e968.webp: checkingTransferred:   	          0 B / 0 B, -, 0 B/s, ETA -
Checks:               552 / 677, 82%, Listed 2033
Elapsed time:        18.0s
Checking:
 * upload-b5f70f7d-a1a9-4…aa59-bed295d94675.webp: checking
 * upload-b63ac4e3-83b8-4…9cf4-4b3a6c6e51aa.webp: checking
 * upload-b702c72f-81af-4…b9d5-5735950b25b6.webp: checking
 * upload-b7822c18-71dd-4…9450-56a8db11e8cd.webp: checking
 * upload-b82a9dfe-348c-4…aec1-a8e58cc8844f.webp: checking
 * upload-b846ba40-21ed-4…996d-b82472da57ae.webp: checking
 * upload-b8f2ca00-da63-4…9dad-3d96a2365488.webp: checking
 * upload-b9515fd9-4d06-4…8122-ae32bc8fedce.webp: checkingTransferred:   	          0 B / 0 B, -, 0 B/s, ETA -
Checks:               571 / 677, 84%, Listed 2033
Elapsed time:        18.4s
Checking:
 * upload-bbd3bb9b-7fde-4…9218-6221b161f173.webp: checking
 * upload-bc055de8-3c46-4…8171-16e35ed96b2a.webp: checking
 * upload-be2e6f35-50bf-4…a403-821d7af72d8a.webp: checking
 * upload-be7b3f01-4130-4…8b50-172127b8ae95.webp: checking
 * upload-c08f6df9-5e32-4…9ff6-426458df1395.webp: checking
 * upload-c0b709b1-2c58-4…801d-604d6681d0fb.webp: checking
 * upload-c1b648e4-3612-4…90ca-a6abb531bc0a.webp: checking
 * upload-c1c6d776-a1ce-4…96b9-32791e2b4813.webp: checkingTransferred:   	          0 B / 0 B, -, 0 B/s, ETA -
Checks:               588 / 677, 87%, Listed 2033
Elapsed time:        18.9s
Checking:
 * upload-c80736e0-7a92-4…9a75-58dd98556a20.webp: checking
 * upload-c9d5bc0e-9303-4…9d00-b88ededa8e98.webp: checking
 * upload-ca005f59-751d-4…96b3-5227562410e2.webp: checking
 * upload-cc5d2c4a-4b46-4…8cf4-816d8738c4cf.webp: checking
 * upload-cd3d8337-f391-4…b1bc-f5f5a91d9fe4.webp: checking
 * upload-ce634fb8-9a13-4…9fc7-36e2ec4c5637.webp: checking
 * upload-cf10c58b-5ad6-4…9149-48c14040647d.webp: checking
 * upload-cf92d104-a95c-4…91a2-f58a5d0b456f.webp: checkingTransferred:   	          0 B / 0 B, -, 0 B/s, ETA -
Checks:               601 / 677, 89%, Listed 2033
Elapsed time:        19.5s
Checking:
 * upload-d6829a7c-2638-4…b1ce-788a7d6eaa7f.webp: checking
 * upload-d78f2cb7-6d74-4…bcbb-434693308ece.webp: checking
 * upload-d7aaaf8a-82c8-4…8456-62f774cf4416.webp: checking
 * upload-d7e52ddc-ac13-4…91ff-665747fc8250.webp: checking
 * upload-d7f3e8af-501e-4…8497-77efae967c21.webp: checking
 * upload-d833cb51-f4cd-4…bd61-832686be0ef1.webp: checking
 * upload-d8a8210d-4eec-4…9e88-7a4866dee5a0.webp: checking
 * upload-db0c4cf0-0c9f-4…a409-1dbb65688f8f.webp: checkingTransferred:   	          0 B / 0 B, -, 0 B/s, ETA -
Checks:               617 / 677, 91%, Listed 2033
Elapsed time:        20.0s
Checking:
 * upload-e21c7b65-806a-4…8121-44ea14a13b8a.webp: checking
 * upload-e28f9a8d-5dd9-4…9537-19580a037013.webp: checking
 * upload-e334ac57-a304-4…ad26-9cf17a475903.webp: checking
 * upload-e436478b-3c09-4…8f24-f4f02ffebc0b.webp: checking
 * upload-e50559f5-3ce5-4…8136-986474c5f3db.webp: checking
 * upload-e55f8041-7c48-4…8de6-1f2f52dc52aa.webp: checking
 * upload-e570c35c-ea45-4…a1f6-6284685cd41d.webp: checking
 * upload-e5dd239f-688a-4…a4ae-e283041fbe9a.webp: checkingTransferred:   	          0 B / 0 B, -, 0 B/s, ETA -
Checks:               633 / 677, 94%, Listed 2033
Elapsed time:        20.5s
Checking:
 * upload-e999d02d-57db-4…a9f6-6d95e9edb510.webp: checking
 * upload-ea027be2-01a9-4…813e-fd00daf9be9d.webp: checking
 * upload-ea5b913d-d661-4…8e0c-66168c182df0.webp: checking
 * upload-eb0e5699-66aa-4…8770-c651fbbe7294.webp: checking
 * upload-eb6dd0be-1202-4…9d1f-d44a5f9e7679.webp: checking
 * upload-eb7df3f0-a6f0-4…a5f0-4ad6ec20da8c.webp: checking
 * upload-ec35a1c3-702e-4…ba37-ca0d3fbcca08.webp: checking
 * upload-edfda833-a160-4…b15d-4c53549e6c58.webp: checkingTransferred:   	          0 B / 0 B, -, 0 B/s, ETA -
Checks:               650 / 677, 96%, Listed 2033
Elapsed time:        20.9s
Checking:
 * upload-f1a94431-e8b6-4…ad84-0288e0529d54.webp: checking
 * upload-f22049c7-d7b0-4…9765-fbfeac1fbc8c.webp: checking
 * upload-f2837d18-8f1a-4…8939-7a046a7923c4.webp: checking
 * upload-f30ee9f5-2ca7-4…9e3c-803fc23cd3ae.webp: checking
 * upload-f3584239-765c-4…91ed-626780798038.webp: checking
 * upload-f376805e-188d-4…bbbd-2c79def9ac65.webp: checking
 * upload-f4682fb6-c5a1-4…9d90-140a572dc98f.webp: checking
 * upload-f476b33c-8d5d-4…a2c9-4a8bfc21d935.webp: checkingTransferred:   	          0 B / 0 B, -, 0 B/s, ETA -
Checks:               664 / 677, 98%, Listed 2033
Elapsed time:        21.5s
Checking:
 * upload-f9683176-3fc8-4…8f60-953206c3fd5f.webp: checking
 * upload-f9729389-79d1-4…a19d-c6a4edd9bda6.webp: checking
 * upload-fa52ec77-d4af-4…b5fe-885134a6b5e0.webp: checking
 * upload-fa5673aa-ba10-4…b446-469f6afe8da6.webp: checking
 * upload-fa6487f3-26b5-4…93d0-4b9d02b76190.webp: checking
 * upload-fac24bb7-b1db-4…a691-a3c45c30679f.webp: checking
 * upload-fb1724f6-e02b-4…9c8e-1f103b5aeb4e.webp: checking
 * upload-fbdfe367-e77a-4…8248-65e97a1f1f47.webp: checkingTransferred:   	          0 B / 0 B, -, 0 B/s, ETA -
Checks:               681 / 689, 99%, Listed 2033
Deleted:               12 (files), 0 (dirs), 420.508 KiB (freed)
Elapsed time:        21.9s
Checking:
 * 5479c8026bbe3ca75cc0a8…93d0-4b9d02b76190.webp: deleting
 * 5479c8026bbe3ca75cc0a8…b638-99adf0bbfeb7.webp: deleting
 * 5479c8026bbe3ca75cc0a8…8056-e5538cd100ab.webp: deleting
 * 5479c8026bbe3ca75cc0a8…b02c-6285539890c7.webp: deleting
 * 5479c8026bbe3ca75cc0a8…a676-1bcf971b83fe.webp: deleting
 * 5479c8026bbe3ca75cc0a8…b9c5-9ecf41877669.webp: deleting
 * 5479c8026bbe3ca75cc0a8…9988-cc447936fbf5.webp: deleting
 * 5479c8026bbe3ca75cc0a8…b0e7-35620ca10229.webp: deletingTransferred:   	          0 B / 0 B, -, 0 B/s, ETA -
Checks:               710 / 718, 99%, Listed 2033
Deleted:               41 (files), 0 (dirs), 3.234 MiB (freed)
Elapsed time:        22.4s
Checking:
 * 5479c8026bbe3ca75cc0a8…b073-6204258ab02f.webp: deleting
 * 5479c8026bbe3ca75cc0a8…a1e2-426fe94ba9a6.webp: deleting
 * 5479c8026bbe3ca75cc0a8…8fce-02557b255c57.webp: deleting
 * 5479c8026bbe3ca75cc0a8…8904-a975c9345d98.webp: deleting
 * 5479c8026bbe3ca75cc0a8…91a2-f58a5d0b456f.webp: deleting
 * 5479c8026bbe3ca75cc0a8…a041-9bf409e10b27.webp: deleting
 * 5479c8026bbe3ca75cc0a8…b20f-4e0b6791706e.webp: deleting
 * 5479c8026bbe3ca75cc0a8…bb0d-86b783f99a13.webp: deletingTransferred:   	          0 B / 0 B, -, 0 B/s, ETA -
Checks:               742 / 750, 99%, Listed 2033
Deleted:               73 (files), 0 (dirs), 8.529 MiB (freed)
Elapsed time:        23.0s
Checking:
 * 5479c8026bbe3ca75cc0a8…9a5c-559ebb0638d4.webp: deleting
 * 5479c8026bbe3ca75cc0a8…8f25-4dc459d6449b.webp: deleting
 * 5479c8026bbe3ca75cc0a8…8fbc-6478f0719bcf.webp: deleting
 * 5479c8026bbe3ca75cc0a8…ba11-b300d0c30b91.webp: deleting
 * 5479c8026bbe3ca75cc0a8…8567-b3562215c1e1.webp: deleting
 * 5479c8026bbe3ca75cc0a8…bad0-0643c63d5cb1.webp: deleting
 * 5479c8026bbe3ca75cc0a8…a3aa-10b5d02d7f12.webp: deleting
 * 5479c8026bbe3ca75cc0a8…94d3-2a1d51b9cf85.webp: deletingTransferred:   	          0 B / 0 B, -, 0 B/s, ETA -
Checks:               773 / 781, 99%, Listed 2033
Deleted:              104 (files), 0 (dirs), 11.751 MiB (freed)
Elapsed time:        23.5s
Checking:
 * 5479c8026bbe3ca75cc0a8…8939-7a046a7923c4.webp: deleting
 * 5479c8026bbe3ca75cc0a8…af25-4877e21f7ab9.webp: deleting
 * 5479c8026bbe3ca75cc0a8…9d7f-4f9e47b5621d.webp: deleting
 * 5479c8026bbe3ca75cc0a8…9f48-83cc845eb2c5.webp: deleting
 * 5479c8026bbe3ca75cc0a8…a817-bbd0504b3464.webp: deleting
 * 5479c8026bbe3ca75cc0a8…ab39-e32415290e6f.webp: deleting
 * 5479c8026bbe3ca75cc0a8…b6dc-46579a434e75.webp: deleting
 * 5479c8026bbe3ca75cc0a8…a47b-1f377398f863.webp: deletingTransferred:   	          0 B / 0 B, -, 0 B/s, ETA -
Checks:               805 / 813, 99%, Listed 2033
Deleted:              136 (files), 0 (dirs), 14.332 MiB (freed)
Elapsed time:        24.0s
Checking:
 * 5479c8026bbe3ca75cc0a8…8456-62f774cf4416.webp: deleting
 * 5479c8026bbe3ca75cc0a8…8e0c-66168c182df0.webp: deleting
 * 5479c8026bbe3ca75cc0a8…bed5-bb3e79a806c4.webp: deleting
 * 5479c8026bbe3ca75cc0a8…b6dc-46579a434e75.webp: deleting
 * 5479c8026bbe3ca75cc0a8…91b4-223b18825113.webp: deleting
 * 5479c8026bbe3ca75cc0a8…bc48-5bd2bd3db283.webp: deleting
 * 5479c8026bbe3ca75cc0a8…8739-99d571106fa7.webp: deleting
 * 5479c8026bbe3ca75cc0a8…aa59-bed295d94675.webp: deletingTransferred:   	          0 B / 0 B, -, 0 B/s, ETA -
Checks:               833 / 841, 99%, Listed 2033
Deleted:              164 (files), 0 (dirs), 21.050 MiB (freed)
Elapsed time:        24.5s
Checking:
 * 5479c8026bbe3ca75cc0a8…9751-58db5520ad8f.webp: deleting
 * 5479c8026bbe3ca75cc0a8…9f10-3a52e7543252.webp: deleting
 * 5479c8026bbe3ca75cc0a8…b71a-8058a580e4e2.webp: deleting
 * 5479c8026bbe3ca75cc0a8…8d09-289ad7ba8936.webp: deleting
 * 5479c8026bbe3ca75cc0a8…a565-094c2031ed02.webp: deleting
 * 5479c8026bbe3ca75cc0a8…88f8-a50ed75d44fb.webp: deleting
 * 5479c8026bbe3ca75cc0a8…95cd-805a1bb8c0c3.webp: deleting
 * 5479c8026bbe3ca75cc0a8…a691-a3c45c30679f.webp: deletingTransferred:   	          0 B / 0 B, -, 0 B/s, ETA -
Checks:               865 / 873, 99%, Listed 2033
Deleted:              196 (files), 0 (dirs), 23.948 MiB (freed)
Elapsed time:        24.9s
Checking:
 * 5479c8026bbe3ca75cc0a8…b8da-746969474579.webp: deleting
 * 5479c8026bbe3ca75cc0a8…8b78-81d4f8daa163.webp: deleting
 * 5479c8026bbe3ca75cc0a8…8768-8378c2289b1a.webp: deleting
 * 5479c8026bbe3ca75cc0a8…a4a0-9b7b07e21eb0.webp: deleting
 * 5479c8026bbe3ca75cc0a8…b713-a5fe30f1ac61.webp: deleting
 * 5479c8026bbe3ca75cc0a8…a9f6-6d95e9edb510.webp: deleting
 * 5479c8026bbe3ca75cc0a8…a9a7-732e456a47bf.webp: deleting
 * 5479c8026bbe3ca75cc0a8…8e08-0990e821484a.webp: deletingTransferred:   	          0 B / 0 B, -, 0 B/s, ETA -
Checks:               890 / 898, 99%, Listed 2033
Deleted:              221 (files), 0 (dirs), 26.476 MiB (freed)
Elapsed time:        25.4s
Checking:
 * 5479c8026bbe3ca75cc0a8…ad99-b1eeb2adbd15.webp: deleting
 * 5479c8026bbe3ca75cc0a8…8af0-dce159e9bd90.webp: deleting
 * 5479c8026bbe3ca75cc0a8…b8e5-6eff7d0d6053.webp: deleting
 * 5479c8026bbe3ca75cc0a8…b3e5-ad8db61c513d.webp: deleting
 * 5479c8026bbe3ca75cc0a8…97cb-8d23f6e39831.webp: deleting
 * 5479c8026bbe3ca75cc0a8…8af8-4688466502c5.webp: deleting
 * 5479c8026bbe3ca75cc0a8…8ccc-0ca180940873.webp: deleting
 * 5479c8026bbe3ca75cc0a8…a0ed-9bbba5a28ce2.webp: deletingTransferred:   	          0 B / 0 B, -, 0 B/s, ETA -
Checks:               922 / 930, 99%, Listed 2033
Deleted:              253 (files), 0 (dirs), 28.822 MiB (freed)
Elapsed time:        25.9s
Checking:
 * 5479c8026bbe3ca75cc0a8…a866-497a2191cf7e.webp: deleting
 * 5479c8026bbe3ca75cc0a8…a747-d6955d2c7abe.webp: deleting
 * 5479c8026bbe3ca75cc0a8…a9dc-9688284d9d38.webp: deleting
 * 5479c8026bbe3ca75cc0a8…afa3-9e84d3e5b732.webp: deleting
 * 5479c8026bbe3ca75cc0a8…b3b6-a99b0c554f5a.webp: deleting
 * 5479c8026bbe3ca75cc0a8…8771-1f01860cedda.webp: deleting
 * 5479c8026bbe3ca75cc0a8…9af1-5211c90d3fca.webp: deleting
 * 5479c8026bbe3ca75cc0a8…8770-c651fbbe7294.webp: deletingTransferred:   	          0 B / 0 B, -, 0 B/s, ETA -
Checks:               953 / 961, 99%, Listed 2033
Deleted:              284 (files), 0 (dirs), 31.331 MiB (freed)
Elapsed time:        26.4s
Checking:
 * 5479c8026bbe3ca75cc0a8…9d00-b88ededa8e98.webp: deleting
 * 5479c8026bbe3ca75cc0a8…99d3-8d87a7e1e461.webp: deleting
 * 5479c8026bbe3ca75cc0a8…a747-d6955d2c7abe.webp: deleting
 * 5479c8026bbe3ca75cc0a8…a1b4-c69e689c935b.webp: deleting
 * 5479c8026bbe3ca75cc0a8…82c6-0e4fbe992f31.webp: deleting
 * 5479c8026bbe3ca75cc0a8…89b1-1bc4c1e23578.webp: deleting
 * 5479c8026bbe3ca75cc0a8…a5ce-4b26a3a03d64.webp: deleting
 * 5479c8026bbe3ca75cc0a8…8c2b-0021a6e5defd.webp: deletingTransferred:   	          0 B / 0 B, -, 0 B/s, ETA -
Checks:               985 / 993, 99%, Listed 2033
Deleted:              316 (files), 0 (dirs), 36.392 MiB (freed)
Elapsed time:        26.9s
Checking:
 * 5479c8026bbe3ca75cc0a8…9fa7-30bc7231811a.webp: deleting
 * 5479c8026bbe3ca75cc0a8…b877-531e07419a45.webp: deleting
 * 5479c8026bbe3ca75cc0a8…a741-b7e0ee4493b6.webp: deleting
 * 5479c8026bbe3ca75cc0a8…b5ce-946b5fd6f464.webp: deleting
 * 5479c8026bbe3ca75cc0a8…aa8d-34bdc4c34a71.webp: deleting
 * 5479c8026bbe3ca75cc0a8…b833-23b379e4e823.webp: deleting
 * 5479c8026bbe3ca75cc0a8…89d7-81cb13918e15.webp: deleting
 * 5479c8026bbe3ca75cc0a8…99aa-70c17c17326e.webp: deletingTransferred:   	          0 B / 0 B, -, 0 B/s, ETA -
Checks:              1016 / 1024, 99%, Listed 2033
Deleted:              347 (files), 0 (dirs), 39.877 MiB (freed)
Elapsed time:        27.5s
Checking:
 * 5479c8026bbe3ca75cc0a8…bd19-989f98050ac8.webp: deleting
 * 5479c8026bbe3ca75cc0a8…928f-bf91db5238e0.webp: deleting
 * 5479c8026bbe3ca75cc0a8…ba37-ca0d3fbcca08.webp: deleting
 * 5479c8026bbe3ca75cc0a8…bd97-641648f0ff2d.webp: deleting
 * 5479c8026bbe3ca75cc0a8…8998-4e453684d94e.webp: deleting
 * 5479c8026bbe3ca75cc0a8…a5ad-4e068e95498b.webp: deleting
 * 5479c8026bbe3ca75cc0a8…8ab7-83ed5525b3ea.webp: deleting
 * 5479c8026bbe3ca75cc0a8…8101-de875e85585f.webp: deletingTransferred:   	          0 B / 0 B, -, 0 B/s, ETA -
Checks:              1037 / 1045, 99%, Listed 2033
Deleted:              368 (files), 0 (dirs), 41.137 MiB (freed)
Elapsed time:        27.9s
Checking:
 * 5479c8026bbe3ca75cc0a8…8b97-f18ccb3cf330.webp: deleting
 * 5479c8026bbe3ca75cc0a8…8af8-4688466502c5.webp: deleting
 * 5479c8026bbe3ca75cc0a8…89f4-fceac5ce511f.webp: deleting
 * 5479c8026bbe3ca75cc0a8…badf-e4edd1bd791c.webp: deleting
 * 5479c8026bbe3ca75cc0a8…aec1-a8e58cc8844f.webp: deleting
 * 5479c8026bbe3ca75cc0a8…996b-ddb2e30339fb.webp: deleting
 * 5479c8026bbe3ca75cc0a8…8ca7-e74cf5be23cb.webp: deleting
 * 5479c8026bbe3ca75cc0a8…a99a-f9553ed43c68.webp: deletingTransferred:   	          0 B / 0 B, -, 0 B/s, ETA -
Checks:              1061 / 1069, 99%, Listed 2033
Deleted:              392 (files), 0 (dirs), 44.630 MiB (freed)
Elapsed time:        28.5s
Checking:
 * 5479c8026bbe3ca75cc0a8…84fe-18243cbfa410.webp: deleting
 * 5479c8026bbe3ca75cc0a8…90ee-6ede0f70c732.webp: deleting
 * 5479c8026bbe3ca75cc0a8…985a-ae28753b5065.webp: deleting
 * 5479c8026bbe3ca75cc0a8…a5f0-4ad6ec20da8c.webp: deleting
 * 5479c8026bbe3ca75cc0a8…9f33-b430b2527277.webp: deleting
 * 5479c8026bbe3ca75cc0a8…9915-3493b8c9eadf.webp: deleting
 * 5479c8026bbe3ca75cc0a8…a0d8-cbcdb3a877e2.webp: deleting
 * 5479c8026bbe3ca75cc0a8…a646-8b89e28fcf23.webp: deletingTransferred:   	          0 B / 0 B, -, 0 B/s, ETA -
Checks:              1088 / 1096, 99%, Listed 2033
Deleted:              419 (files), 0 (dirs), 48.765 MiB (freed)
Elapsed time:        29.0s
Checking:
 * 5479c8026bbe3ca75cc0a8…8121-44ea14a13b8a.webp: deleting
 * 5479c8026bbe3ca75cc0a8…8660-ad613a4196ee.webp: deleting
 * 5479c8026bbe3ca75cc0a8…bd19-989f98050ac8.webp: deleting
 * 5479c8026bbe3ca75cc0a8…a389-adf393f831be.webp: deleting
 * 5479c8026bbe3ca75cc0a8…b343-a90c2cef04a3.webp: deleting
 * 5479c8026bbe3ca75cc0a8…a850-17e0284b9758.webp: deleting
 * 5479c8026bbe3ca75cc0a8…877c-769e277b5700.webp: deleting
 * 5479c8026bbe3ca75cc0a8…9413-16f3b501b8ec.webp: deletingTransferred:   	          0 B / 0 B, -, 0 B/s, ETA -
Checks:              1116 / 1124, 99%, Listed 2033
Deleted:              447 (files), 0 (dirs), 54.143 MiB (freed)
Elapsed time:        29.5s
Checking:
 * 5479c8026bbe3ca75cc0a8…82c7-b885b6e22352.webp: deleting
 * 5479c8026bbe3ca75cc0a8…b49d-39ea6f9dbab2.webp: deleting
 * 5479c8026bbe3ca75cc0a8…9856-c7483f02c885.webp: deleting
 * 5479c8026bbe3ca75cc0a8…adaa-521bb69a0aaf.webp: deleting
 * 5479c8026bbe3ca75cc0a8…84c5-4bc3cb13c845.webp: deleting
 * 5479c8026bbe3ca75cc0a8…af25-4877e21f7ab9.webp: deleting
 * 5479c8026bbe3ca75cc0a8…9060-95392a1920fd.webp: deleting
 * 5479c8026bbe3ca75cc0a8…b340-49997d0f192a.webp: deletingTransferred:   	          0 B / 0 B, -, 0 B/s, ETA -
Checks:              1143 / 1151, 99%, Listed 2033
Deleted:              474 (files), 0 (dirs), 57.632 MiB (freed)
Elapsed time:        30.0s
Checking:
 * 5479c8026bbe3ca75cc0a8…9d2c-ad50ed98123c.webp: deleting
 * 5479c8026bbe3ca75cc0a8…bb56-e1301a4906fb.webp: deleting
 * 5479c8026bbe3ca75cc0a8…b002-e5649bf1e695.webp: deleting
 * 5479c8026bbe3ca75cc0a8…a1f9-9623d07ec6ae.webp: deleting
 * 5479c8026bbe3ca75cc0a8…8de6-1f2f52dc52aa.webp: deleting
 * 5479c8026bbe3ca75cc0a8…984e-dea3365642f2.webp: deleting
 * 5479c8026bbe3ca75cc0a8…a3a9-bf2b828f78ac.webp: deleting
 * 5479c8026bbe3ca75cc0a8…9c8e-1f103b5aeb4e.webp: deletingTransferred:   	          0 B / 0 B, -, 0 B/s, ETA -
Checks:              1168 / 1176, 99%, Listed 2033
Deleted:              499 (files), 0 (dirs), 59.934 MiB (freed)
Elapsed time:        30.4s
Checking:
 * 5479c8026bbe3ca75cc0a8…b667-aed38bd670ce.webp: deleting
 * 5479c8026bbe3ca75cc0a8…bb74-e7339d679ea4.webp: deleting
 * 5479c8026bbe3ca75cc0a8…bd5e-33b1912c3512.webp: deleting
 * 5479c8026bbe3ca75cc0a8…ab09-6c65726e83ca.webp: deleting
 * 5479c8026bbe3ca75cc0a8…8b1f-ff1c8a8d98d4.webp: deleting
 * 5479c8026bbe3ca75cc0a8…b1bc-f5f5a91d9fe4.webp: deleting
 * 5479c8026bbe3ca75cc0a8…93d6-c40ec060fa6b.webp: deleting
 * 5479c8026bbe3ca75cc0a8…9d62-5ba8d6ab6ef4.webp: deletingTransferred:   	          0 B / 0 B, -, 0 B/s, ETA -
Checks:              1199 / 1207, 99%, Listed 2033
Deleted:              530 (files), 0 (dirs), 65.673 MiB (freed)
Elapsed time:        30.9s
Checking:
 * 5479c8026bbe3ca75cc0a8…9dfd-09f33e200e96.webp: deleting
 * 5479c8026bbe3ca75cc0a8…98c7-fe17c4bf6fac.webp: deleting
 * 5479c8026bbe3ca75cc0a8…91ed-626780798038.webp: deleting
 * 5479c8026bbe3ca75cc0a8…8045-b311ae11a08d.webp: deleting
 * 5479c8026bbe3ca75cc0a8…9d3f-97127849515f.webp: deleting
 * 5479c8026bbe3ca75cc0a8…a7c1-8665472b8c56.webp: deleting
 * 5479c8026bbe3ca75cc0a8…96b3-5227562410e2.webp: deleting
 * 5479c8026bbe3ca75cc0a8…b0f7-296607cdd50a.webp: deletingTransferred:   	          0 B / 0 B, -, 0 B/s, ETA -
Checks:              1230 / 1238, 99%, Listed 2033
Deleted:              561 (files), 0 (dirs), 68.515 MiB (freed)
Elapsed time:        31.4s
Checking:
 * 5479c8026bbe3ca75cc0a8…b991-df947d5ad161.webp: deleting
 * 5479c8026bbe3ca75cc0a8…9289-7e2fa4d4e300.webp: deleting
 * 5479c8026bbe3ca75cc0a8…bf77-16ec37cdfd1e.webp: deleting
 * 5479c8026bbe3ca75cc0a8…83a7-2f3989b36320.webp: deleting
 * 5479c8026bbe3ca75cc0a8…b8e1-c4a5568ba61a.webp: deleting
 * 5479c8026bbe3ca75cc0a8…86c1-0f1f5e4c7a16.webp: deleting
 * 5479c8026bbe3ca75cc0a8…a2c9-4a8bfc21d935.webp: deleting
 * 5479c8026bbe3ca75cc0a8…8d44-229ed8223adf.webp: deletingTransferred:   	          0 B / 0 B, -, 0 B/s, ETA -
Checks:              1258 / 1266, 99%, Listed 2033
Deleted:              589 (files), 0 (dirs), 71.359 MiB (freed)
Elapsed time:        31.9s
Checking:
 * 5479c8026bbe3ca75cc0a8…baa6-9247f48d8caa.webp: deleting
 * 5479c8026bbe3ca75cc0a8…ae88-3b8a468d945c.webp: deleting
 * 5479c8026bbe3ca75cc0a8…9c6a-43a93a6b2e15.webp: deleting
 * 5479c8026bbe3ca75cc0a8…b1ce-788a7d6eaa7f.webp: deleting
 * 5479c8026bbe3ca75cc0a8…a409-1dbb65688f8f.webp: deleting
 * 5479c8026bbe3ca75cc0a8…9bb7-c4923dbb8136.webp: deleting
 * 5479c8026bbe3ca75cc0a8…8192-4df2c6467417.webp: deleting
 * 5479c8026bbe3ca75cc0a8…bc5d-96bf2d34aff1.webp: deletingTransferred:   	          0 B / 0 B, -, 0 B/s, ETA -
Checks:              1290 / 1298, 99%, Listed 2033
Deleted:              621 (files), 0 (dirs), 73.920 MiB (freed)
Elapsed time:        32.5s
Checking:
 * 5479c8026bbe3ca75cc0a8…b7fe-42e16e25f242.webp: deleting
 * 5479c8026bbe3ca75cc0a8…bc67-20dd28a81793.webp: deleting
 * 5479c8026bbe3ca75cc0a8…adb8-4dcc1cb88297.webp: deleting
 * 5479c8026bbe3ca75cc0a8…a84b-00b3309fc25f.webp: deleting
 * 5479c8026bbe3ca75cc0a8…9324-7e55684b9e0b.webp: deleting
 * 5479c8026bbe3ca75cc0a8…bbf1-9268af3f597b.webp: deleting
 * 5479c8026bbe3ca75cc0a8…8453-2a428161b370.webp: deleting
 * 5479c8026bbe3ca75cc0a8…8c5f-6d7a83792e92.webp: deletingTransferred:   	          0 B / 0 B, -, 0 B/s, ETA -
Checks:              1319 / 1327, 99%, Listed 2033
Deleted:              650 (files), 0 (dirs), 76.907 MiB (freed)
Elapsed time:        33.0s
Checking:
 * 5479c8026bbe3ca75cc0a8…9d90-140a572dc98f.webp: deleting
 * 5479c8026bbe3ca75cc0a8…8f60-953206c3fd5f.webp: deleting
 * 5479c8026bbe3ca75cc0a8…bf9c-5c8ecb1638d0.webp: deleting
 * 5479c8026bbe3ca75cc0a8…825d-998bf3dde4f6.webp: deleting
 * 5479c8026bbe3ca75cc0a8…a17a-3bf17318b981.webp: deleting
 * 5479c8026bbe3ca75cc0a8…97a3-60ba99dea08b.webp: deleting
 * 5479c8026bbe3ca75cc0a8…8bbf-827529e04fc7.webp: deleting
 * 5479c8026bbe3ca75cc0a8…827b-c37b1603f0c4.webp: deletingTransferred:   	          0 B / 0 B, -, 0 B/s, ETA -
Checks:              1351 / 1354, 100%, Listed 2033
Deleted:              677 (files), 0 (dirs), 78.256 MiB (freed)
Elapsed time:        33.5s
Checking:
 * 5479c8026bbe3ca75cc0a8…ab58-6f168e916c20.webp: deleting
 * 5479c8026bbe3ca75cc0a8…9d88-281f8f081e54.webp: deleting
 * 5479c8026bbe3ca75cc0a8…a145-d39fb36229ec.webp: deletingTransferred:   	          0 B / 0 B, -, 0 B/s, ETA -
Checks:              1354 / 1354, 100%, Listed 2033
Deleted:              677 (files), 0 (dirs), 78.256 MiB (freed)
Elapsed time:        33.5s
[2026-05-01 10:50:07]    ✓ Originals загружены
[2026-05-01 10:50:07] 2. Загрузка thumbs...
[2026-05-01 10:50:07]    → папка thumbs не найдена
[2026-05-01 10:50:07] === Готово ===
[2026-05-01 11:02:12] === Деплой КАРТИНОК на S3 ===
[2026-05-01 11:02:12] 1. Загрузка originals...
Transferred:   	          0 B / 0 B, -, 0 B/s, ETA -
Checks:                 8 / 677, 1%, Listed 1354
Elapsed time:         0.4s
Checking:
 *     059e5ed2-f396-49e9-bf9c-5c8ecb1638d0.webp: checking
 *     070a43e9-a213-45e7-8439-f1904cbea82e.webp: checking
 *     083a7e71-c3d0-476c-ac45-19ce8f4e3c0c.webp: checking
 *     084218bc-9230-457b-b0e7-35620ca10229.webp: checking
 *     088dd51f-1811-4625-9d9e-92faac832df5.webp: checking
 *     08b10944-5b49-4750-af25-4877e21f7ab9.webp: checking
 *     08c47f9e-5b7c-4c9f-8ca7-e74cf5be23cb.webp: checking
 *     08e8f7c4-e1ff-4c79-bc90-a47345474ff2.webp: checkingTransferred:   	          0 B / 0 B, -, 0 B/s, ETA -
Checks:                40 / 677, 6%, Listed 1354
Elapsed time:         0.9s
Checking:
 *     12fd6827-675d-4869-b6dc-46579a434e75.webp: checking
 *     1315bb41-8e64-441e-b9aa-dd0b216008a6.webp: checking
 *     14af3c91-772a-41f3-929b-fe0b50c51f6a.webp: checking
 *     14d67aaa-0d70-4200-89b1-1bc4c1e23578.webp: checking
 *     1670f740-8f97-450a-9f10-3a52e7543252.webp: checking
 *     16735fc2-3634-4a77-aa5b-b0475162dab6.webp: checking
 *     16e72d51-4ff7-4b68-8056-e5538cd100ab.webp: checking
 *     179d73ef-3377-4c82-a66c-caef73b78fa2.webp: checkingTransferred:   	          0 B / 0 B, -, 0 B/s, ETA -
Checks:                78 / 677, 12%, Listed 1354
Elapsed time:         1.5s
Checking:
 * image-4fc8b149-25de-4f…8828-10e8cbf8cbf9.webp: checking
 * image-4fd66924-c513-4b…946f-79d1f914b050.webp: checking
 * image-5425309f-a6d1-4b…8377-d12f5bac2269.webp: checking
 * image-569e371c-9d41-4a…b8fe-b5c7940ca710.webp: checking
 * image-6005b820-346e-4a…9d7f-4f9e47b5621d.webp: checking
 * image-601b968c-1274-4d…8162-157cedccd631.webp: checking
 * image-610452e8-d514-47…9d62-5ba8d6ab6ef4.webp: checkingTransferred:   	          0 B / 0 B, -, 0 B/s, ETA -
Checks:               112 / 677, 17%, Listed 1354
Elapsed time:         1.9s
Checking:
 * upload-01f4a0c0-e574-4…a72f-5be97011597d.webp: checking
 * upload-033a8ba4-fcce-4…93d6-c40ec060fa6b.webp: checking
 * upload-03a47f0f-f44b-4…a1d7-3deedba0a6dd.webp: checking
 * upload-049ca795-a8cb-4…91b4-223b18825113.webp: checking
 * upload-05043354-1437-4…99d3-8d87a7e1e461.webp: checking
 * upload-059e5ed2-f396-4…bf9c-5c8ecb1638d0.webp: checking
 * upload-070a43e9-a213-4…8439-f1904cbea82e.webp: checking
 * upload-083a7e71-c3d0-4…ac45-19ce8f4e3c0c.webp: checkingTransferred:   	          0 B / 0 B, -, 0 B/s, ETA -
Checks:               144 / 677, 21%, Listed 1354
Elapsed time:         2.4s
Checking:
 * upload-10155cb4-88cc-4…8af8-4688466502c5.webp: checking
 * upload-102194d7-778c-4…a747-d6955d2c7abe.webp: checking
 * upload-102ed938-592d-4…9bb7-c4923dbb8136.webp: checking
 * upload-1032f3a3-d37d-4…8b5b-791dbd654b3f.webp: checking
 * upload-10ab5fac-609e-4…adb8-4dcc1cb88297.webp: checking
 * upload-10dbd2bb-efe2-4…8660-ad613a4196ee.webp: checking
 * upload-11a42b8b-2daa-4…9d9b-7ef3ee758cb1.webp: checking
 * upload-11b069e7-3534-4…b701-c151564cff63.webp: checkingTransferred:   	          0 B / 0 B, -, 0 B/s, ETA -
Checks:               176 / 677, 26%, Listed 1354
Elapsed time:         2.9s
Checking:
 * upload-1a1b2446-1744-4…b073-6204258ab02f.webp: checking
 * upload-1a95436f-eac8-4…9d2c-ad50ed98123c.webp: checking
 * upload-1b2d395a-5d20-4…8e78-76deed81d6b6.webp: checking
 * upload-1b4f0253-7754-4…bd97-641648f0ff2d.webp: checking
 * upload-1bdfeaa0-5537-4…b7fe-42e16e25f242.webp: checking
 * upload-1bff8b07-d34b-4…b2b7-7ba20f9d5e34.webp: checking
 * upload-1c3b44ad-00e7-4…a474-14d2afd5c5cc.webp: checking
 * upload-1c901f28-51f2-4…a679-0789db4356d5.webp: checkingTransferred:   	          0 B / 0 B, -, 0 B/s, ETA -
Checks:               208 / 677, 31%, Listed 1354
Elapsed time:         3.4s
Checking:
 * upload-23945b48-44de-4…bc88-868a7cec7733.webp: checking
 * upload-244081b1-5b21-4…826c-99a1fe793278.webp: checking
 * upload-246f1da1-d3ac-4…ad9e-38ad119ac80e.webp: checking
 * upload-24820eea-4f1a-4…a03d-0303ecf67abe.webp: checking
 * upload-24c89519-f66b-4…9c2f-cf6ac433f4e1.webp: checking
 * upload-24d50695-57a4-4…8fc2-5f8012571aba.webp: checking
 * upload-24d77f64-75d8-4…9c9d-563b4bf5e9b0.webp: checking
 * upload-251aa730-67a9-4…969e-40e9aa580e6c.webp: checkingTransferred:   	          0 B / 0 B, -, 0 B/s, ETA -
Checks:               240 / 677, 35%, Listed 1354
Elapsed time:         4.0s
Checking:
 * upload-2c82b6ce-12fd-4…9374-f32bf6d29550.webp: checking
 * upload-2c840ea9-770e-4…8e74-5e087aef8889.webp: checking
 * upload-2cf42343-52b8-4…8fdc-1467ffb1514c.webp: checking
 * upload-2d99a386-8dfb-4…984e-dea3365642f2.webp: checking
 * upload-2dc6c972-e96d-4…8567-b3562215c1e1.webp: checking
 * upload-2dca6755-b49a-4…9413-16f3b501b8ec.webp: checking
 * upload-2e03abcc-f462-4…8dad-5501b3461938.webp: checking
 * upload-2e08738f-c7ab-4…8406-2655583f7384.webp: checkingTransferred:   	          0 B / 0 B, -, 0 B/s, ETA -
Checks:               272 / 677, 40%, Listed 1354
Elapsed time:         4.4s
Checking:
 * upload-36713cbd-7dd2-4…ba89-197185d56bc1.webp: checking
 * upload-367b0dc3-3c8a-4…bad0-0643c63d5cb1.webp: checking
 * upload-36911fa8-4e81-4…b0e5-1a336a5b9368.webp: checking
 * upload-36b68989-4135-4…bc5d-96bf2d34aff1.webp: checking
 * upload-36c78444-bfe1-4…b71a-8058a580e4e2.webp: checking
 * upload-371b12b6-402a-4…8c2f-a10b2a1e4c4d.webp: checking
 * upload-3737777e-e669-4…868f-c470d75abdc3.webp: checking
 * upload-37698b21-039f-4…b705-debe59296685.webp: checkingTransferred:   	          0 B / 0 B, -, 0 B/s, ETA -
Checks:               304 / 677, 45%, Listed 1354
Elapsed time:         5.0s
Checking:
 * upload-3dfb8ada-b9fe-4…a676-1bcf971b83fe.webp: checking
 * upload-3e08609f-76fc-4…a0d8-cbcdb3a877e2.webp: checking
 * upload-3edda6f8-2e45-4…a034-bf4fea3f188e.webp: checking
 * upload-3f03bdb4-1ea7-4…b9c5-9ecf41877669.webp: checking
 * upload-3f26817c-25af-4…b2cd-3ac32b2bba76.webp: checking
 * upload-3f40dfa2-33b4-4…bb0b-b4cfae632545.webp: checking
 * upload-3fa7e08d-872a-4…b5dd-a97ed2436458.webp: checking
 * upload-3fef571a-64c5-4…8e08-0990e821484a.webp: checkingTransferred:   	          0 B / 0 B, -, 0 B/s, ETA -
Checks:               336 / 677, 50%, Listed 1354
Elapsed time:         5.4s
Checking:
 * upload-49954995-752e-4…9e7f-b1d634138f28.webp: checking
 * upload-4af5a346-debb-4…8ab9-84af7f6e0804.webp: checking
 * upload-4b5ab99e-c3c9-4…b8a3-550ec15b24bd.webp: checking
 * upload-4b6d61ae-6a9d-4…a1f3-8fb891754d8a.webp: checking
 * upload-4cadeb80-b03c-4…b3b6-a99b0c554f5a.webp: checking
 * upload-4cb104db-48ef-4…b797-d3cff1b2b085.webp: checking
 * upload-4cd1c7df-230e-4…9856-c7483f02c885.webp: checking
 * upload-4cf6510c-5119-4…a661-130e4191abe5.webp: checkingTransferred:   	          0 B / 0 B, -, 0 B/s, ETA -
Checks:               368 / 677, 54%, Listed 1354
Elapsed time:         6.0s
Checking:
 * upload-551624ea-43f7-4…9855-e1c2a9c72cbf.webp: checking
 * upload-5518bbde-9fd3-4…8771-1f01860cedda.webp: checking
 * upload-552d5592-35c2-4…81a1-de0d9d2d95ff.webp: checking
 * upload-5616a55b-c6f4-4…9f48-83cc845eb2c5.webp: checking
 * upload-562fd5f9-db4e-4…b840-314e51ddbe01.webp: checking
 * upload-56b7720a-e0f1-4…bb56-e1301a4906fb.webp: checking
 * upload-56e28856-ddcf-4…a9f1-509502455cb1.webp: checking
 * upload-572bb514-7fed-4…a4f4-d05813a319a0.webp: checkingTransferred:   	          0 B / 0 B, -, 0 B/s, ETA -
Checks:               400 / 677, 59%, Listed 1354
Elapsed time:         6.4s
Checking:
 * upload-6140088c-c64a-4…b343-a90c2cef04a3.webp: checking
 * upload-616f60f7-053b-4…96ae-63d3d94a9a80.webp: checking
 * upload-61f43648-3d05-4…b8e5-6eff7d0d6053.webp: checking
 * upload-622a9177-aff9-4…a3a9-bf2b828f78ac.webp: checking
 * upload-6230226b-8d3d-4…8a6e-86d3410d7503.webp: checking
 * upload-628e50a0-cd34-4…8937-e9dcec50e72c.webp: checking
 * upload-633a37bd-e16e-4…ac67-6b2cf89e307b.webp: checking
 * upload-63570503-325a-4…a1f9-9623d07ec6ae.webp: checkingTransferred:   	          0 B / 0 B, -, 0 B/s, ETA -
Checks:               440 / 677, 65%, Listed 1354
Elapsed time:         6.9s
Checking:
 * upload-744c5501-515f-4…85fb-3ab09087d402.webp: checking
 * upload-744df7b5-7f5d-4…8ccc-0ca180940873.webp: checking
 * upload-75993101-b097-4…b4cc-9f88732e34cc.webp: checking
 * upload-762b3819-0c23-4…ad20-41e174407a7a.webp: checking
 * upload-771443fa-d7ab-4…9b92-b077ff04c385.webp: checking
 * upload-7736d753-cfe5-4…80af-202ef38c95af.webp: checking
 * upload-77c5dd26-6290-4…9f69-15c3dd3c3a07.webp: checking
 * upload-77f292ae-c2cd-4…bf1b-d0c27420f52f.webp: checkingTransferred:   	          0 B / 0 B, -, 0 B/s, ETA -
Checks:               472 / 677, 70%, Listed 1354
Elapsed time:         7.4s
Checking:
 * upload-8621afbd-edf0-4…bda1-dcb4e46c4e89.webp: checking
 * upload-863ba18e-7747-4…9ab4-9e2cd630fac6.webp: checking
 * upload-86ce3472-818c-4…a764-f6d9710e8f58.webp: checking
 * upload-88286353-c33c-4…94d3-2a1d51b9cf85.webp: checking
 * upload-8a00cd83-d800-4…9c6a-43a93a6b2e15.webp: checking
 * upload-8a1b09c8-cd8c-4…a2ba-c125af39313b.webp: checking
 * upload-8a4d3673-4db0-4…8257-1a03c5a3d5e4.webp: checking
 * upload-8acfd4f1-713a-4…b33c-642680a64826.webp: checkingTransferred:   	          0 B / 0 B, -, 0 B/s, ETA -
Checks:               504 / 677, 74%, Listed 1354
Elapsed time:         7.9s
Checking:
 * upload-96508125-a44e-4…a0ed-9bbba5a28ce2.webp: checking
 * upload-978ffb94-005b-4…a484-f9a1aefcd6d0.webp: checking
 * upload-9809eeb3-dc75-4…9eea-b0fe10475a38.webp: checking
 * upload-985f6112-4978-4…94e3-de6c9ce81360.webp: checking
 * upload-990c171f-7fb5-4…9895-2551ae894864.webp: checking
 * upload-99a73288-6a3a-4…aa83-508b7dc6b5c7.webp: checking
 * upload-99d16b8c-d656-4…8d00-202cb1e29195.webp: checking
 * upload-99fdfe4b-1bee-4…92f1-16e15b9cbe64.webp: checkingTransferred:   	          0 B / 0 B, -, 0 B/s, ETA -
Checks:               536 / 677, 79%, Listed 1354
Elapsed time:         8.4s
Checking:
 * upload-aa7db012-dd21-4…8b1f-ff1c8a8d98d4.webp: checking
 * upload-accb4043-34b2-4…897f-3427fc6195c5.webp: checking
 * upload-adad2b95-7d87-4…b7db-9f957dcd77c0.webp: checking
 * upload-ae24c2e0-2260-4…8a06-408627a7bd0d.webp: checking
 * upload-ae92525a-9310-4…8101-de875e85585f.webp: checking
 * upload-aeb9a09e-aeed-4…9751-58db5520ad8f.webp: checking
 * upload-af09364b-fd9b-4…b654-d8ed67c359ff.webp: checking
 * upload-afe64601-7817-4…90ee-6ede0f70c732.webp: checkingTransferred:   	          0 B / 0 B, -, 0 B/s, ETA -
Checks:               568 / 677, 84%, Listed 1354
Elapsed time:         9.0s
Checking:
 * upload-bbd3bb9b-7fde-4…9218-6221b161f173.webp: checking
 * upload-bc055de8-3c46-4…8171-16e35ed96b2a.webp: checking
 * upload-bc782373-db2d-4…b90a-a9ac07303455.webp: checking
 * upload-bc8224c7-a56f-4…9e9e-fd65b1703a0e.webp: checking
 * upload-be1803fa-0d53-4…971b-7af3f7e8a3bf.webp: checking
 * upload-be2e6f35-50bf-4…a403-821d7af72d8a.webp: checking
 * upload-be7b3f01-4130-4…8b50-172127b8ae95.webp: checking
 * upload-c08f6df9-5e32-4…9ff6-426458df1395.webp: checkingTransferred:   	          0 B / 0 B, -, 0 B/s, ETA -
Checks:               600 / 677, 89%, Listed 1354
Elapsed time:         9.4s
Checking:
 * upload-d66a343c-722a-4…86c1-0f1f5e4c7a16.webp: checking
 * upload-d6829a7c-2638-4…b1ce-788a7d6eaa7f.webp: checking
 * upload-d78f2cb7-6d74-4…bcbb-434693308ece.webp: checking
 * upload-d7aaaf8a-82c8-4…8456-62f774cf4416.webp: checking
 * upload-d7e52ddc-ac13-4…91ff-665747fc8250.webp: checking
 * upload-d7f3e8af-501e-4…8497-77efae967c21.webp: checking
 * upload-d833cb51-f4cd-4…bd61-832686be0ef1.webp: checking
 * upload-d8a8210d-4eec-4…9e88-7a4866dee5a0.webp: checkingTransferred:   	          0 B / 0 B, -, 0 B/s, ETA -
Checks:               632 / 677, 93%, Listed 1354
Elapsed time:         9.9s
Checking:
 * upload-e864cec1-f0d2-4…a041-9bf409e10b27.webp: checking
 * upload-e999d02d-57db-4…a9f6-6d95e9edb510.webp: checking
 * upload-ea027be2-01a9-4…813e-fd00daf9be9d.webp: checking
 * upload-ea5b913d-d661-4…8e0c-66168c182df0.webp: checking
 * upload-eb0e5699-66aa-4…8770-c651fbbe7294.webp: checking
 * upload-eb6dd0be-1202-4…9d1f-d44a5f9e7679.webp: checking
 * upload-eb7df3f0-a6f0-4…a5f0-4ad6ec20da8c.webp: checking
 * upload-ec35a1c3-702e-4…ba37-ca0d3fbcca08.webp: checkingTransferred:   	          0 B / 0 B, -, 0 B/s, ETA -
Checks:               666 / 677, 98%, Listed 1354
Elapsed time:        10.5s
Checking:
 * upload-fa52ec77-d4af-4…b5fe-885134a6b5e0.webp: checking
 * upload-fa5673aa-ba10-4…b446-469f6afe8da6.webp: checking
 * upload-fa6487f3-26b5-4…93d0-4b9d02b76190.webp: checking
 * upload-fac24bb7-b1db-4…a691-a3c45c30679f.webp: checking
 * upload-fb1724f6-e02b-4…9c8e-1f103b5aeb4e.webp: checking
 * upload-fbdfe367-e77a-4…8248-65e97a1f1f47.webp: checking
 * upload-fdcb0691-4916-4…959c-773e6a12046b.webp: checkingTransferred:   	          0 B / 0 B, -, 0 B/s, ETA -
Checks:               677 / 677, 100%, Listed 1354
Elapsed time:        10.7s
[2026-05-01 11:02:24]    ✓ Originals загружены
[2026-05-01 11:02:24] === Готово ===
